<?xml version="1.0" encoding="UTF-8"?>
<!-- Generated by org.testng.reporters.JUnitReportReporter -->
<testsuite skipped="0" hostname="LAPTOP-1LL282FT" name="TestScripts.FunctionScript" tests="5" failures="0" timestamp="2023-03-15T09:28:30 IST" time="28.806" errors="0">
  <testcase name="purchase" time="3.002" classname="TestScripts.FunctionScript"/>
  <system-out/>
  <testcase name="additem" time="6.353" classname="TestScripts.FunctionScript"/>
  <system-out/>
  <testcase name="additem" time="6.690" classname="TestScripts.FunctionScript"/>
  <system-out/>
  <testcase name="delete" time="0.202" classname="TestScripts.FunctionScript"/>
  <system-out/>
  <testcase name="placeorder" time="12.559" classname="TestScripts.FunctionScript"/>
  <system-out/>
</testsuite> <!-- TestScripts.FunctionScript -->
